# JRE version: Java(TM) SE Runtime Environment 18.9 (11.0.10+8) (build 11.0.10+8-LTS-162)
# Java VM: Java HotSpot(TM) 64-Bit Server VM 18.9 (11.0.10+8-LTS-162, mixed mode, tiered, compressed oops, g1 gc, windows-amd64)
Heap:
 garbage-first heap   total 119808K, used 63877K [0x00000000c1c00000, 0x0000000100000000)
  region size 1024K, 30 young (30720K), 4 survivors (4096K)
 Metaspace       used 81104K, capacity 83057K, committed 83148K, reserved 1122304K
  class space    used 10375K, capacity 11188K, committed 11264K, reserved 1048576K
GC Heap History (10 events):
Event: 11.414 GC heap before
{Heap before GC invocations=14 (full 0):
 garbage-first heap   total 119808K, used 67860K [0x00000000c1c00000, 0x0000000100000000)
  region size 1024K, 51 young (52224K), 6 survivors (6144K)
 Metaspace       used 58659K, capacity 59927K, committed 60160K, reserved 1101824K
  class space    used 7447K, capacity 7931K, committed 7936K, reserved 1048576K
}
Event: 11.430 GC heap after
{Heap after GC invocations=15 (full 0):
 garbage-first heap   total 119808K, used 24705K [0x00000000c1c00000, 0x0000000100000000)
  region size 1024K, 6 young (6144K), 6 survivors (6144K)
 Metaspace       used 58659K, capacity 59927K, committed 60160K, reserved 1101824K
  class space    used 7447K, capacity 7931K, committed 7936K, reserved 1048576K
}
Event: 12.883 GC heap before
{Heap before GC invocations=16 (full 0):
 garbage-first heap   total 119808K, used 83073K [0x00000000c1c00000, 0x0000000100000000)
  region size 1024K, 63 young (64512K), 6 survivors (6144K)
 Metaspace       used 62658K, capacity 64190K, committed 64460K, reserved 1105920K
  class space    used 7998K, capacity 8615K, committed 8704K, reserved 1048576K
}
Event: 12.900 GC heap after
{Heap after GC invocations=17 (full 0):
 garbage-first heap   total 119808K, used 27395K [0x00000000c1c00000, 0x0000000100000000)
  region size 1024K, 5 young (5120K), 5 survivors (5120K)
 Metaspace       used 62658K, capacity 64190K, committed 64460K, reserved 1105920K
  class space    used 7998K, capacity 8615K, committed 8704K, reserved 1048576K
}
Event: 13.875 GC heap before
{Heap before GC invocations=17 (full 0):
 garbage-first heap   total 119808K, used 86787K [0x00000000c1c00000, 0x0000000100000000)
  region size 1024K, 63 young (64512K), 5 survivors (5120K)
 Metaspace       used 66507K, capacity 68110K, committed 68300K, reserved 1107968K
  class space    used 8525K, capacity 9148K, committed 9216K, reserved 1048576K
}
Event: 13.891 GC heap after
{Heap after GC invocations=18 (full 0):
 garbage-first heap   total 119808K, used 30374K [0x00000000c1c00000, 0x0000000100000000)
  region size 1024K, 6 young (6144K), 6 survivors (6144K)
 Metaspace       used 66507K, capacity 68110K, committed 68300K, reserved 1107968K
  class space    used 8525K, capacity 9148K, committed 9216K, reserved 1048576K
}
Event: 15.712 GC heap before
{Heap before GC invocations=18 (full 0):
 garbage-first heap   total 119808K, used 89766K [0x00000000c1c00000, 0x0000000100000000)
  region size 1024K, 64 young (65536K), 6 survivors (6144K)
 Metaspace       used 72364K, capacity 74228K, committed 74316K, reserved 1114112K
  class space    used 9323K, capacity 10093K, committed 10112K, reserved 1048576K
}
Event: 15.731 GC heap after
{Heap after GC invocations=19 (full 0):
 garbage-first heap   total 119808K, used 34929K [0x00000000c1c00000, 0x0000000100000000)
  region size 1024K, 8 young (8192K), 8 survivors (8192K)
 Metaspace       used 72364K, capacity 74228K, committed 74316K, reserved 1114112K
  class space    used 9323K, capacity 10093K, committed 10112K, reserved 1048576K
}
Event: 29.317 GC heap before
{Heap before GC invocations=19 (full 0):
 garbage-first heap   total 119808K, used 91249K [0x00000000c1c00000, 0x0000000100000000)
  region size 1024K, 63 young (64512K), 8 survivors (8192K)
 Metaspace       used 79698K, capacity 81636K, committed 81740K, reserved 1120256K
  class space    used 10261K, capacity 11057K, committed 11136K, reserved 1048576K
}
Event: 29.339 GC heap after
{Heap after GC invocations=20 (full 0):
 garbage-first heap   total 119808K, used 38277K [0x00000000c1c00000, 0x0000000100000000)
  region size 1024K, 4 young (4096K), 4 survivors (4096K)
 Metaspace       used 79698K, capacity 81636K, committed 81740K, reserved 1120256K
  class space    used 10261K, capacity 11057K, committed 11136K, reserved 1048576K
}

