# JRE version: Java(TM) SE Runtime Environment 18.9 (11.0.10+8) (build 11.0.10+8-LTS-162)
# Java VM: Java HotSpot(TM) 64-Bit Server VM 18.9 (11.0.10+8-LTS-162, mixed mode, tiered, compressed oops, g1 gc, windows-amd64)
Heap:
 garbage-first heap   total 78848K, used 56231K [0x00000000c1c00000, 0x0000000100000000)
  region size 1024K, 12 young (12288K), 1 survivors (1024K)
 Metaspace       used 82220K, capacity 84354K, committed 84480K, reserved 1122304K
  class space    used 10426K, capacity 11250K, committed 11264K, reserved 1048576K
GC Heap History (10 events):
Event: 53.080 GC heap before
{Heap before GC invocations=52 (full 0):
 garbage-first heap   total 78848K, used 62538K [0x00000000c1c00000, 0x0000000100000000)
  region size 1024K, 20 young (20480K), 3 survivors (3072K)
 Metaspace       used 80240K, capacity 82228K, committed 82560K, reserved 1120256K
  class space    used 10232K, capacity 11015K, committed 11136K, reserved 1048576K
}
Event: 53.088 GC heap after
{Heap after GC invocations=53 (full 0):
 garbage-first heap   total 78848K, used 46260K [0x00000000c1c00000, 0x0000000100000000)
  region size 1024K, 2 young (2048K), 2 survivors (2048K)
 Metaspace       used 80240K, capacity 82228K, committed 82560K, reserved 1120256K
  class space    used 10232K, capacity 11015K, committed 11136K, reserved 1048576K
}
Event: 86.269 GC heap before
{Heap before GC invocations=54 (full 0):
 garbage-first heap   total 78848K, used 62644K [0x00000000c1c00000, 0x0000000100000000)
  region size 1024K, 19 young (19456K), 2 survivors (2048K)
 Metaspace       used 81730K, capacity 83814K, committed 83968K, reserved 1122304K
  class space    used 10420K, capacity 11244K, committed 11264K, reserved 1048576K
}
Event: 86.276 GC heap after
{Heap after GC invocations=55 (full 0):
 garbage-first heap   total 78848K, used 47031K [0x00000000c1c00000, 0x0000000100000000)
  region size 1024K, 2 young (2048K), 2 survivors (2048K)
 Metaspace       used 81730K, capacity 83814K, committed 83968K, reserved 1122304K
  class space    used 10420K, capacity 11244K, committed 11264K, reserved 1048576K
}
Event: 156.813 GC heap before
{Heap before GC invocations=55 (full 0):
 garbage-first heap   total 78848K, used 64439K [0x00000000c1c00000, 0x0000000100000000)
  region size 1024K, 19 young (19456K), 2 survivors (2048K)
 Metaspace       used 81942K, capacity 84076K, committed 84224K, reserved 1122304K
  class space    used 10421K, capacity 11245K, committed 11264K, reserved 1048576K
}
Event: 156.831 GC heap after
{Heap after GC invocations=56 (full 0):
 garbage-first heap   total 78848K, used 46889K [0x00000000c1c00000, 0x0000000100000000)
  region size 1024K, 1 young (1024K), 1 survivors (1024K)
 Metaspace       used 81942K, capacity 84076K, committed 84224K, reserved 1122304K
  class space    used 10421K, capacity 11245K, committed 11264K, reserved 1048576K
}
Event: 228.049 GC heap before
{Heap before GC invocations=57 (full 0):
 garbage-first heap   total 78848K, used 64297K [0x00000000c1c00000, 0x0000000100000000)
  region size 1024K, 18 young (18432K), 1 survivors (1024K)
 Metaspace       used 82106K, capacity 84162K, committed 84224K, reserved 1122304K
  class space    used 10426K, capacity 11250K, committed 11264K, reserved 1048576K
}
Event: 228.056 GC heap after
{Heap after GC invocations=58 (full 0):
 garbage-first heap   total 78848K, used 46634K [0x00000000c1c00000, 0x0000000100000000)
  region size 1024K, 1 young (1024K), 1 survivors (1024K)
 Metaspace       used 82106K, capacity 84162K, committed 84224K, reserved 1122304K
  class space    used 10426K, capacity 11250K, committed 11264K, reserved 1048576K
}
Event: 245.743 GC heap before
{Heap before GC invocations=58 (full 0):
 garbage-first heap   total 78848K, used 48682K [0x00000000c1c00000, 0x0000000100000000)
  region size 1024K, 3 young (3072K), 1 survivors (1024K)
 Metaspace       used 82119K, capacity 84226K, committed 84480K, reserved 1122304K
  class space    used 10426K, capacity 11250K, committed 11264K, reserved 1048576K
}
Event: 245.747 GC heap after
{Heap after GC invocations=59 (full 0):
 garbage-first heap   total 78848K, used 45991K [0x00000000c1c00000, 0x0000000100000000)
  region size 1024K, 1 young (1024K), 1 survivors (1024K)
 Metaspace       used 82119K, capacity 84226K, committed 84480K, reserved 1122304K
  class space    used 10426K, capacity 11250K, committed 11264K, reserved 1048576K
}

